0 info it worked if it ends with ok
1 verbose cli [ '/usr/local/bin/node', '/usr/local/bin/npm', 'install' ]
2 info using npm@3.10.9
3 info using node@v6.9.2
4 silly loadCurrentTree Starting
5 silly install loadCurrentTree
6 silly install readLocalPackageData
7 silly install normalizeTree
8 silly loadCurrentTree Finishing
9 silly loadIdealTree Starting
10 silly install loadIdealTree
11 silly cloneCurrentTree Starting
12 silly install cloneCurrentTreeToIdealTree
13 silly cloneCurrentTree Finishing
14 silly loadShrinkwrap Starting
15 silly install loadShrinkwrap
16 silly loadShrinkwrap Finishing
17 silly loadAllDepsIntoIdealTree Starting
18 silly install loadAllDepsIntoIdealTree
19 silly fetchNamedPackageData sqlite3
20 silly mapToRegistry name sqlite3
21 silly mapToRegistry using default registry
22 silly mapToRegistry registry https://registry.npmjs.org/
23 silly mapToRegistry data Result {
23 silly mapToRegistry   raw: 'sqlite3',
23 silly mapToRegistry   scope: null,
23 silly mapToRegistry   escapedName: 'sqlite3',
23 silly mapToRegistry   name: 'sqlite3',
23 silly mapToRegistry   rawSpec: '',
23 silly mapToRegistry   spec: 'latest',
23 silly mapToRegistry   type: 'tag' }
24 silly mapToRegistry uri https://registry.npmjs.org/sqlite3
25 verbose request uri https://registry.npmjs.org/sqlite3
26 verbose request no auth needed
27 info attempt registry request try #1 at 6:41:14 PM
28 verbose request id 2e5d8a8d9d8ec737
29 verbose etag W/"e710a43e17cd5636f77a3c6375daf956"
30 verbose lastModified Fri, 16 Aug 2019 19:34:30 GMT
31 http request GET https://registry.npmjs.org/sqlite3
32 http 304 https://registry.npmjs.org/sqlite3
33 verbose headers { date: 'Mon, 07 Oct 2019 13:41:15 GMT',
33 verbose headers   connection: 'keep-alive',
33 verbose headers   'set-cookie': [ '__cfduid=d144342284795c9488544eae1090c15521570455675; expires=Tue, 06-Oct-20 13:41:15 GMT; path=/; domain=.npmjs.org; HttpOnly' ],
33 verbose headers   'cf-cache-status': 'HIT',
33 verbose headers   'cache-control': 'max-age=300',
33 verbose headers   'cf-ray': '52204aa0c895d3f7-KHI',
33 verbose headers   age: '30',
33 verbose headers   etag: '"e710a43e17cd5636f77a3c6375daf956"',
33 verbose headers   'expect-ct': 'max-age=604800, report-uri="https://report-uri.cloudflare.com/cdn-cgi/beacon/expect-ct"',
33 verbose headers   'last-modified': 'Fri, 16 Aug 2019 19:34:30 GMT',
33 verbose headers   vary: 'accept-encoding, accept',
33 verbose headers   'x-amz-meta-rev': '305-22b143c84807c82e63a07a31af514795',
33 verbose headers   server: 'cloudflare' }
34 silly get cb [ 304,
34 silly get   { date: 'Mon, 07 Oct 2019 13:41:15 GMT',
34 silly get     connection: 'keep-alive',
34 silly get     'set-cookie': [ '__cfduid=d144342284795c9488544eae1090c15521570455675; expires=Tue, 06-Oct-20 13:41:15 GMT; path=/; domain=.npmjs.org; HttpOnly' ],
34 silly get     'cf-cache-status': 'HIT',
34 silly get     'cache-control': 'max-age=300',
34 silly get     'cf-ray': '52204aa0c895d3f7-KHI',
34 silly get     age: '30',
34 silly get     etag: '"e710a43e17cd5636f77a3c6375daf956"',
34 silly get     'expect-ct': 'max-age=604800, report-uri="https://report-uri.cloudflare.com/cdn-cgi/beacon/expect-ct"',
34 silly get     'last-modified': 'Fri, 16 Aug 2019 19:34:30 GMT',
34 silly get     vary: 'accept-encoding, accept',
34 silly get     'x-amz-meta-rev': '305-22b143c84807c82e63a07a31af514795',
34 silly get     server: 'cloudflare' } ]
35 verbose etag https://registry.npmjs.org/sqlite3 from cache
36 verbose get saving sqlite3 to /home/mr-hashmi/.npm/registry.npmjs.org/sqlite3/.cache.json
37 verbose correctMkdir /home/mr-hashmi/.npm correctMkdir not in flight; initializing
38 silly resolveWithNewModule sqlite3@4.1.0 checking installable status
39 silly cache add args [ 'sqlite3@^4.1.0', null ]
40 verbose cache add spec sqlite3@^4.1.0
41 silly cache add parsed spec Result {
41 silly cache add   raw: 'sqlite3@^4.1.0',
41 silly cache add   scope: null,
41 silly cache add   escapedName: 'sqlite3',
41 silly cache add   name: 'sqlite3',
41 silly cache add   rawSpec: '^4.1.0',
41 silly cache add   spec: '>=4.1.0 <5.0.0',
41 silly cache add   type: 'range' }
42 silly addNamed sqlite3@>=4.1.0 <5.0.0
43 verbose addNamed ">=4.1.0 <5.0.0" is a valid semver range for sqlite3
44 silly addNameRange { name: 'sqlite3', range: '>=4.1.0 <5.0.0', hasData: false }
45 silly mapToRegistry name sqlite3
46 silly mapToRegistry using default registry
47 silly mapToRegistry registry https://registry.npmjs.org/
48 silly mapToRegistry data Result {
48 silly mapToRegistry   raw: 'sqlite3',
48 silly mapToRegistry   scope: null,
48 silly mapToRegistry   escapedName: 'sqlite3',
48 silly mapToRegistry   name: 'sqlite3',
48 silly mapToRegistry   rawSpec: '',
48 silly mapToRegistry   spec: 'latest',
48 silly mapToRegistry   type: 'tag' }
49 silly mapToRegistry uri https://registry.npmjs.org/sqlite3
50 verbose addNameRange registry:https://registry.npmjs.org/sqlite3 not in flight; fetching
51 verbose get https://registry.npmjs.org/sqlite3 not expired, no request
52 silly addNameRange number 2 { name: 'sqlite3', range: '>=4.1.0 <5.0.0', hasData: true }
53 silly addNameRange versions [ 'sqlite3',
53 silly addNameRange   [ '2.0.0',
53 silly addNameRange     '2.0.1',
53 silly addNameRange     '2.0.2',
53 silly addNameRange     '2.0.3',
53 silly addNameRange     '2.0.4',
53 silly addNameRange     '2.0.5',
53 silly addNameRange     '2.0.6',
53 silly addNameRange     '2.0.7',
53 silly addNameRange     '2.0.8',
53 silly addNameRange     '2.0.9',
53 silly addNameRange     '2.0.10',
53 silly addNameRange     '2.0.11',
53 silly addNameRange     '2.0.12',
53 silly addNameRange     '2.0.13',
53 silly addNameRange     '2.0.14',
53 silly addNameRange     '2.0.15',
53 silly addNameRange     '2.0.16',
53 silly addNameRange     '2.0.17',
53 silly addNameRange     '2.0.18',
53 silly addNameRange     '2.1.0',
53 silly addNameRange     '2.1.1',
53 silly addNameRange     '2.1.2',
53 silly addNameRange     '2.1.3',
53 silly addNameRange     '2.1.4',
53 silly addNameRange     '2.1.5',
53 silly addNameRange     '2.1.7',
53 silly addNameRange     '2.1.8',
53 silly addNameRange     '2.1.9',
53 silly addNameRange     '2.1.10',
53 silly addNameRange     '2.1.11',
53 silly addNameRange     '2.1.12',
53 silly addNameRange     '2.1.13',
53 silly addNameRange     '2.1.14',
53 silly addNameRange     '2.1.15',
53 silly addNameRange     '2.1.16',
53 silly addNameRange     '2.1.17',
53 silly addNameRange     '2.1.18',
53 silly addNameRange     '2.1.19',
53 silly addNameRange     '2.2.0',
53 silly addNameRange     '2.2.1',
53 silly addNameRange     '2.2.2',
53 silly addNameRange     '2.2.3',
53 silly addNameRange     '2.2.4',
53 silly addNameRange     '2.2.6',
53 silly addNameRange     '2.2.7',
53 silly addNameRange     '3.0.0',
53 silly addNameRange     '3.0.1',
53 silly addNameRange     '3.0.2',
53 silly addNameRange     '3.0.4',
53 silly addNameRange     '3.0.5',
53 silly addNameRange     '3.0.6',
53 silly addNameRange     '3.0.7',
53 silly addNameRange     '3.0.8',
53 silly addNameRange     '3.0.9',
53 silly addNameRange     '3.0.10',
53 silly addNameRange     '3.1.0',
53 silly addNameRange     '3.1.1',
53 silly addNameRange     '3.1.2',
53 silly addNameRange     '3.1.3',
53 silly addNameRange     '3.1.4',
53 silly addNameRange     '3.1.5',
53 silly addNameRange     '3.1.6',
53 silly addNameRange     '3.1.7',
53 silly addNameRange     '3.1.8',
53 silly addNameRange     '3.1.9',
53 silly addNameRange     '3.1.10-alpha',
53 silly addNameRange     '3.1.10',
53 silly addNameRange     '3.1.11',
53 silly addNameRange     '3.1.12',
53 silly addNameRange     '3.1.13',
53 silly addNameRange     '4.0.0',
53 silly addNameRange     '4.0.1',
53 silly addNameRange     '4.0.2',
53 silly addNameRange     '4.0.3',
53 silly addNameRange     '4.0.4',
53 silly addNameRange     '4.0.6',
53 silly addNameRange     '4.0.7',
53 silly addNameRange     '4.0.8',
53 silly addNameRange     '4.0.9',
53 silly addNameRange     '4.1.0' ] ]
54 silly addNamed sqlite3@4.1.0
55 verbose addNamed "4.1.0" is a plain semver version for sqlite3
56 silly cache afterAdd sqlite3@4.1.0
57 verbose afterAdd /home/mr-hashmi/.npm/sqlite3/4.1.0/package/package.json not in flight; writing
58 verbose correctMkdir /home/mr-hashmi/.npm correctMkdir not in flight; initializing
59 verbose afterAdd /home/mr-hashmi/.npm/sqlite3/4.1.0/package/package.json written
60 silly loadAllDepsIntoIdealTree Finishing
61 silly loadIdealTree Finishing
62 silly currentTree Breakers@1.0.0
62 silly currentTree ├── @types/node@10.14.17
62 silly currentTree ├── abbrev@1.1.1
62 silly currentTree ├── ajv@6.10.2
62 silly currentTree ├── ansi-regex@2.1.1
62 silly currentTree ├── ansi-styles@3.2.1
62 silly currentTree ├── aproba@1.2.0
62 silly currentTree ├─┬ are-we-there-yet@1.1.5
62 silly currentTree │ ├── isarray@1.0.0
62 silly currentTree │ ├── readable-stream@2.3.6
62 silly currentTree │ ├── safe-buffer@5.1.2
62 silly currentTree │ └── string_decoder@1.1.1
62 silly currentTree ├── array-find-index@1.0.2
62 silly currentTree ├── asn1@0.2.4
62 silly currentTree ├── assert-plus@1.0.0
62 silly currentTree ├── asynckit@0.4.0
62 silly currentTree ├── aws-sign2@0.7.0
62 silly currentTree ├── aws4@1.8.0
62 silly currentTree ├── balanced-match@1.0.0
62 silly currentTree ├── bcrypt-pbkdf@1.0.2
62 silly currentTree ├── brace-expansion@1.1.11
62 silly currentTree ├── buffer-from@1.1.1
62 silly currentTree ├── camelcase-keys@2.1.0
62 silly currentTree ├── camelcase@2.1.1
62 silly currentTree ├── caseless@0.12.0
62 silly currentTree ├── chalk@2.4.2
62 silly currentTree ├── chownr@1.1.2
62 silly currentTree ├── cli-cursor@2.1.0
62 silly currentTree ├── cli-spinners@2.2.0
62 silly currentTree ├─┬ cliui@5.0.0
62 silly currentTree │ ├── ansi-regex@4.1.0
62 silly currentTree │ ├── is-fullwidth-code-point@2.0.0
62 silly currentTree │ ├── string-width@3.1.0
62 silly currentTree │ └── strip-ansi@5.2.0
62 silly currentTree ├── clone@1.0.4
62 silly currentTree ├── code-point-at@1.1.0
62 silly currentTree ├── color-convert@1.9.3
62 silly currentTree ├── color-name@1.1.3
62 silly currentTree ├── colors@1.3.3
62 silly currentTree ├── combined-stream@1.0.8
62 silly currentTree ├── concat-map@0.0.1
62 silly currentTree ├─┬ concat-stream@1.6.2
62 silly currentTree │ ├── isarray@1.0.0
62 silly currentTree │ ├── readable-stream@2.3.6
62 silly currentTree │ ├── safe-buffer@5.1.2
62 silly currentTree │ └── string_decoder@1.1.1
62 silly currentTree ├── console-control-strings@1.1.0
62 silly currentTree ├── core-util-is@1.0.2
62 silly currentTree ├── currently-unhandled@0.4.1
62 silly currentTree ├── dashdash@1.14.1
62 silly currentTree ├── debug@3.2.6
62 silly currentTree ├── decamelize@1.2.0
62 silly currentTree ├── deep-extend@0.6.0
62 silly currentTree ├── defaults@1.0.3
62 silly currentTree ├── delayed-stream@1.0.0
62 silly currentTree ├── delegates@1.0.0
62 silly currentTree ├── detect-libc@1.0.3
62 silly currentTree ├── ecc-jsbn@0.1.2
62 silly currentTree ├── electron-download@4.1.1
62 silly currentTree ├─┬ electron-rebuild@1.8.6
62 silly currentTree │ ├── debug@4.1.1
62 silly currentTree │ └── fs-extra@7.0.1
62 silly currentTree ├── electron@6.0.7
62 silly currentTree ├── emoji-regex@7.0.3
62 silly currentTree ├── env-paths@1.0.0
62 silly currentTree ├── error-ex@1.3.2
62 silly currentTree ├── escape-string-regexp@1.0.5
62 silly currentTree ├── extend@3.0.2
62 silly currentTree ├─┬ extract-zip@1.6.7
62 silly currentTree │ ├── debug@2.6.9
62 silly currentTree │ └── ms@2.0.0
62 silly currentTree ├── extsprintf@1.3.0
62 silly currentTree ├── fast-deep-equal@2.0.1
62 silly currentTree ├── fast-json-stable-stringify@2.0.0
62 silly currentTree ├── fd-slicer@1.0.1
62 silly currentTree ├─┬ find-up@1.1.2
62 silly currentTree │ └── path-exists@2.1.0
62 silly currentTree ├── forever-agent@0.6.1
62 silly currentTree ├── form-data@2.3.3
62 silly currentTree ├── fs-extra@4.0.3
62 silly currentTree ├── fs-minipass@1.2.7
62 silly currentTree ├── fs.realpath@1.0.0
62 silly currentTree ├── gauge@2.7.4
62 silly currentTree ├── get-caller-file@2.0.5
62 silly currentTree ├── get-stdin@4.0.1
62 silly currentTree ├── getpass@0.1.7
62 silly currentTree ├── glob@7.1.4
62 silly currentTree ├── graceful-fs@4.2.2
62 silly currentTree ├── har-schema@2.0.0
62 silly currentTree ├── har-validator@5.1.3
62 silly currentTree ├── has-flag@3.0.0
62 silly currentTree ├── has-unicode@2.0.1
62 silly currentTree ├── hosted-git-info@2.8.4
62 silly currentTree ├── http-signature@1.2.0
62 silly currentTree ├── iconv-lite@0.4.24
62 silly currentTree ├── ignore-walk@3.0.2
62 silly currentTree ├── indent-string@2.1.0
62 silly currentTree ├── inflight@1.0.6
62 silly currentTree ├── inherits@2.0.4
62 silly currentTree ├── ini@1.3.5
62 silly currentTree ├── is-arrayish@0.2.1
62 silly currentTree ├── is-finite@1.0.2
62 silly currentTree ├── is-fullwidth-code-point@1.0.0
62 silly currentTree ├── is-typedarray@1.0.0
62 silly currentTree ├── is-utf8@0.2.1
62 silly currentTree ├── isarray@0.0.1
62 silly currentTree ├── isexe@2.0.0
62 silly currentTree ├── isstream@0.1.2
62 silly currentTree ├── jsbn@0.1.1
62 silly currentTree ├── json-schema-traverse@0.4.1
62 silly currentTree ├── json-schema@0.2.3
62 silly currentTree ├── json-stringify-safe@5.0.1
62 silly currentTree ├── jsonfile@4.0.0
62 silly currentTree ├── jsprim@1.4.1
62 silly currentTree ├── load-json-file@1.1.0
62 silly currentTree ├── locate-path@3.0.0
62 silly currentTree ├── lodash.assign@4.2.0
62 silly currentTree ├── log-symbols@2.2.0
62 silly currentTree ├── loud-rejection@1.6.0
62 silly currentTree ├── map-obj@1.0.1
62 silly currentTree ├── meow@3.7.0
62 silly currentTree ├── mime-db@1.40.0
62 silly currentTree ├── mime-types@2.1.24
62 silly currentTree ├── mimic-fn@1.2.0
62 silly currentTree ├── minimatch@3.0.4
62 silly currentTree ├── minimist@1.2.0
62 silly currentTree ├── minipass@2.6.5
62 silly currentTree ├── minizlib@1.2.2
62 silly currentTree ├─┬ mkdirp@0.5.1
62 silly currentTree │ └── minimist@0.0.8
62 silly currentTree ├── ms@2.1.2
62 silly currentTree ├── nan@2.14.0
62 silly currentTree ├── needle@2.4.0
62 silly currentTree ├── node-abi@2.11.0
62 silly currentTree ├─┬ node-gyp@5.0.3
62 silly currentTree │ ├── nopt@3.0.6
62 silly currentTree │ └── semver@5.3.0
62 silly currentTree ├── node-pre-gyp@0.11.0
62 silly currentTree ├── nopt@4.0.1
62 silly currentTree ├── normalize-package-data@2.5.0
62 silly currentTree ├── npm-bundled@1.0.6
62 silly currentTree ├── npm-packlist@1.4.4
62 silly currentTree ├── npmlog@4.1.2
62 silly currentTree ├─┬ nugget@2.0.1
62 silly currentTree │ ├── debug@2.6.9
62 silly currentTree │ └── ms@2.0.0
62 silly currentTree ├── number-is-nan@1.0.1
62 silly currentTree ├── oauth-sign@0.9.0
62 silly currentTree ├── object-assign@4.1.1
62 silly currentTree ├── object-keys@0.4.0
62 silly currentTree ├── once@1.4.0
62 silly currentTree ├── onetime@2.0.1
62 silly currentTree ├─┬ ora@3.4.0
62 silly currentTree │ ├── ansi-regex@4.1.0
62 silly currentTree │ └── strip-ansi@5.2.0
62 silly currentTree ├── os-homedir@1.0.2
62 silly currentTree ├── os-tmpdir@1.0.2
62 silly currentTree ├── osenv@0.1.5
62 silly currentTree ├── p-limit@2.2.1
62 silly currentTree ├── p-locate@3.0.0
62 silly currentTree ├── p-try@2.2.0
62 silly currentTree ├── parse-json@2.2.0
62 silly currentTree ├── path-exists@3.0.0
62 silly currentTree ├── path-is-absolute@1.0.1
62 silly currentTree ├── path-parse@1.0.6
62 silly currentTree ├── path-type@1.1.0
62 silly currentTree ├── pend@1.2.0
62 silly currentTree ├── performance-now@2.1.0
62 silly currentTree ├── pify@2.3.0
62 silly currentTree ├── pinkie-promise@2.0.1
62 silly currentTree ├── pinkie@2.0.4
62 silly currentTree ├── pretty-bytes@1.0.4
62 silly currentTree ├── process-nextick-args@2.0.1
62 silly currentTree ├── progress-stream@1.2.0
62 silly currentTree ├── psl@1.3.0
62 silly currentTree ├── punycode@2.1.1
62 silly currentTree ├── qs@6.5.2
62 silly currentTree ├── rc@1.2.8
62 silly currentTree ├── read-pkg-up@1.0.1
62 silly currentTree ├── read-pkg@1.1.0
62 silly currentTree ├── readable-stream@1.1.14
62 silly currentTree ├── redent@1.0.0
62 silly currentTree ├── repeating@2.0.1
62 silly currentTree ├── request@2.88.0
62 silly currentTree ├── require-directory@2.1.1
62 silly currentTree ├── require-main-filename@2.0.0
62 silly currentTree ├── resolve@1.12.0
62 silly currentTree ├── restore-cursor@2.0.0
62 silly currentTree ├── rimraf@2.7.1
62 silly currentTree ├── rxjs@6.5.3
62 silly currentTree ├── safe-buffer@5.2.0
62 silly currentTree ├── safer-buffer@2.1.2
62 silly currentTree ├── sax@1.2.4
62 silly currentTree ├── semver@5.7.1
62 silly currentTree ├── set-blocking@2.0.0
62 silly currentTree ├── signal-exit@3.0.2
62 silly currentTree ├── single-line-log@1.1.2
62 silly currentTree ├─┬ spawn-rx@3.0.0
62 silly currentTree │ ├── debug@2.6.9
62 silly currentTree │ └── ms@2.0.0
62 silly currentTree ├── spdx-correct@3.1.0
62 silly currentTree ├── spdx-exceptions@2.2.0
62 silly currentTree ├── spdx-expression-parse@3.0.0
62 silly currentTree ├── spdx-license-ids@3.0.5
62 silly currentTree ├── speedometer@0.1.4
62 silly currentTree ├── sshpk@1.16.1
62 silly currentTree ├── string_decoder@0.10.31
62 silly currentTree ├── string-width@1.0.2
62 silly currentTree ├── strip-ansi@3.0.1
62 silly currentTree ├── strip-bom@2.0.0
62 silly currentTree ├── strip-indent@1.0.1
62 silly currentTree ├── strip-json-comments@2.0.1
62 silly currentTree ├─┬ sumchecker@2.0.2
62 silly currentTree │ ├── debug@2.6.9
62 silly currentTree │ └── ms@2.0.0
62 silly currentTree ├── supports-color@5.5.0
62 silly currentTree ├── tar@4.4.11
62 silly currentTree ├── throttleit@0.0.2
62 silly currentTree ├── through2@0.2.3
62 silly currentTree ├─┬ tough-cookie@2.4.3
62 silly currentTree │ └── punycode@1.4.1
62 silly currentTree ├── trim-newlines@1.0.0
62 silly currentTree ├── tslib@1.10.0
62 silly currentTree ├── tunnel-agent@0.6.0
62 silly currentTree ├── tweetnacl@0.14.5
62 silly currentTree ├── typedarray@0.0.6
62 silly currentTree ├── universalify@0.1.2
62 silly currentTree ├── uri-js@4.2.2
62 silly currentTree ├── util-deprecate@1.0.2
62 silly currentTree ├── uuid@3.3.3
62 silly currentTree ├── validate-npm-package-license@3.0.4
62 silly currentTree ├── verror@1.10.0
62 silly currentTree ├── wcwidth@1.0.1
62 silly currentTree ├── which-module@2.0.0
62 silly currentTree ├── which@1.3.1
62 silly currentTree ├── wide-align@1.1.3
62 silly currentTree ├─┬ wrap-ansi@5.1.0
62 silly currentTree │ ├── ansi-regex@4.1.0
62 silly currentTree │ ├── is-fullwidth-code-point@2.0.0
62 silly currentTree │ ├── string-width@3.1.0
62 silly currentTree │ └── strip-ansi@5.2.0
62 silly currentTree ├── wrappy@1.0.2
62 silly currentTree ├── xtend@2.1.2
62 silly currentTree ├── y18n@4.0.0
62 silly currentTree ├── yallist@3.0.3
62 silly currentTree ├─┬ yargs-parser@13.1.1
62 silly currentTree │ └── camelcase@5.3.1
62 silly currentTree ├─┬ yargs@13.3.0
62 silly currentTree │ ├── ansi-regex@4.1.0
62 silly currentTree │ ├── find-up@3.0.0
62 silly currentTree │ ├── is-fullwidth-code-point@2.0.0
62 silly currentTree │ ├── string-width@3.1.0
62 silly currentTree │ └── strip-ansi@5.2.0
62 silly currentTree └── yauzl@2.4.1
63 silly idealTree Breakers@1.0.0
63 silly idealTree ├── @types/node@10.14.17
63 silly idealTree ├── abbrev@1.1.1
63 silly idealTree ├── ajv@6.10.2
63 silly idealTree ├── ansi-regex@2.1.1
63 silly idealTree ├── ansi-styles@3.2.1
63 silly idealTree ├── aproba@1.2.0
63 silly idealTree ├─┬ are-we-there-yet@1.1.5
63 silly idealTree │ ├── isarray@1.0.0
63 silly idealTree │ ├── readable-stream@2.3.6
63 silly idealTree │ ├── safe-buffer@5.1.2
63 silly idealTree │ └── string_decoder@1.1.1
63 silly idealTree ├── array-find-index@1.0.2
63 silly idealTree ├── asn1@0.2.4
63 silly idealTree ├── assert-plus@1.0.0
63 silly idealTree ├── asynckit@0.4.0
63 silly idealTree ├── aws-sign2@0.7.0
63 silly idealTree ├── aws4@1.8.0
63 silly idealTree ├── balanced-match@1.0.0
63 silly idealTree ├── bcrypt-pbkdf@1.0.2
63 silly idealTree ├── brace-expansion@1.1.11
63 silly idealTree ├── buffer-from@1.1.1
63 silly idealTree ├── camelcase-keys@2.1.0
63 silly idealTree ├── camelcase@2.1.1
63 silly idealTree ├── caseless@0.12.0
63 silly idealTree ├── chalk@2.4.2
63 silly idealTree ├── chownr@1.1.2
63 silly idealTree ├── cli-cursor@2.1.0
63 silly idealTree ├── cli-spinners@2.2.0
63 silly idealTree ├─┬ cliui@5.0.0
63 silly idealTree │ ├── ansi-regex@4.1.0
63 silly idealTree │ ├── is-fullwidth-code-point@2.0.0
63 silly idealTree │ ├── string-width@3.1.0
63 silly idealTree │ └── strip-ansi@5.2.0
63 silly idealTree ├── clone@1.0.4
63 silly idealTree ├── code-point-at@1.1.0
63 silly idealTree ├── color-convert@1.9.3
63 silly idealTree ├── color-name@1.1.3
63 silly idealTree ├── colors@1.3.3
63 silly idealTree ├── combined-stream@1.0.8
63 silly idealTree ├── concat-map@0.0.1
63 silly idealTree ├─┬ concat-stream@1.6.2
63 silly idealTree │ ├── isarray@1.0.0
63 silly idealTree │ ├── readable-stream@2.3.6
63 silly idealTree │ ├── safe-buffer@5.1.2
63 silly idealTree │ └── string_decoder@1.1.1
63 silly idealTree ├── console-control-strings@1.1.0
63 silly idealTree ├── core-util-is@1.0.2
63 silly idealTree ├── currently-unhandled@0.4.1
63 silly idealTree ├── dashdash@1.14.1
63 silly idealTree ├── debug@3.2.6
63 silly idealTree ├── decamelize@1.2.0
63 silly idealTree ├── deep-extend@0.6.0
63 silly idealTree ├── defaults@1.0.3
63 silly idealTree ├── delayed-stream@1.0.0
63 silly idealTree ├── delegates@1.0.0
63 silly idealTree ├── detect-libc@1.0.3
63 silly idealTree ├── ecc-jsbn@0.1.2
63 silly idealTree ├── electron-download@4.1.1
63 silly idealTree ├─┬ electron-rebuild@1.8.6
63 silly idealTree │ ├── debug@4.1.1
63 silly idealTree │ └── fs-extra@7.0.1
63 silly idealTree ├── electron@6.0.7
63 silly idealTree ├── emoji-regex@7.0.3
63 silly idealTree ├── env-paths@1.0.0
63 silly idealTree ├── error-ex@1.3.2
63 silly idealTree ├── escape-string-regexp@1.0.5
63 silly idealTree ├── extend@3.0.2
63 silly idealTree ├─┬ extract-zip@1.6.7
63 silly idealTree │ ├── debug@2.6.9
63 silly idealTree │ └── ms@2.0.0
63 silly idealTree ├── extsprintf@1.3.0
63 silly idealTree ├── fast-deep-equal@2.0.1
63 silly idealTree ├── fast-json-stable-stringify@2.0.0
63 silly idealTree ├── fd-slicer@1.0.1
63 silly idealTree ├─┬ find-up@1.1.2
63 silly idealTree │ └── path-exists@2.1.0
63 silly idealTree ├── forever-agent@0.6.1
63 silly idealTree ├── form-data@2.3.3
63 silly idealTree ├── fs-extra@4.0.3
63 silly idealTree ├── fs-minipass@1.2.7
63 silly idealTree ├── fs.realpath@1.0.0
63 silly idealTree ├── gauge@2.7.4
63 silly idealTree ├── get-caller-file@2.0.5
63 silly idealTree ├── get-stdin@4.0.1
63 silly idealTree ├── getpass@0.1.7
63 silly idealTree ├── glob@7.1.4
63 silly idealTree ├── graceful-fs@4.2.2
63 silly idealTree ├── har-schema@2.0.0
63 silly idealTree ├── har-validator@5.1.3
63 silly idealTree ├── has-flag@3.0.0
63 silly idealTree ├── has-unicode@2.0.1
63 silly idealTree ├── hosted-git-info@2.8.4
63 silly idealTree ├── http-signature@1.2.0
63 silly idealTree ├── iconv-lite@0.4.24
63 silly idealTree ├── ignore-walk@3.0.2
63 silly idealTree ├── indent-string@2.1.0
63 silly idealTree ├── inflight@1.0.6
63 silly idealTree ├── inherits@2.0.4
63 silly idealTree ├── ini@1.3.5
63 silly idealTree ├── is-arrayish@0.2.1
63 silly idealTree ├── is-finite@1.0.2
63 silly idealTree ├── is-fullwidth-code-point@1.0.0
63 silly idealTree ├── is-typedarray@1.0.0
63 silly idealTree ├── is-utf8@0.2.1
63 silly idealTree ├── isarray@0.0.1
63 silly idealTree ├── isexe@2.0.0
63 silly idealTree ├── isstream@0.1.2
63 silly idealTree ├── jsbn@0.1.1
63 silly idealTree ├── json-schema-traverse@0.4.1
63 silly idealTree ├── json-schema@0.2.3
63 silly idealTree ├── json-stringify-safe@5.0.1
63 silly idealTree ├── jsonfile@4.0.0
63 silly idealTree ├── jsprim@1.4.1
63 silly idealTree ├── load-json-file@1.1.0
63 silly idealTree ├── locate-path@3.0.0
63 silly idealTree ├── lodash.assign@4.2.0
63 silly idealTree ├── log-symbols@2.2.0
63 silly idealTree ├── loud-rejection@1.6.0
63 silly idealTree ├── map-obj@1.0.1
63 silly idealTree ├── meow@3.7.0
63 silly idealTree ├── mime-db@1.40.0
63 silly idealTree ├── mime-types@2.1.24
63 silly idealTree ├── mimic-fn@1.2.0
63 silly idealTree ├── minimatch@3.0.4
63 silly idealTree ├── minimist@1.2.0
63 silly idealTree ├── minipass@2.6.5
63 silly idealTree ├── minizlib@1.2.2
63 silly idealTree ├─┬ mkdirp@0.5.1
63 silly idealTree │ └── minimist@0.0.8
63 silly idealTree ├── ms@2.1.2
63 silly idealTree ├── nan@2.14.0
63 silly idealTree ├── needle@2.4.0
63 silly idealTree ├── node-abi@2.11.0
63 silly idealTree ├─┬ node-gyp@5.0.3
63 silly idealTree │ ├── nopt@3.0.6
63 silly idealTree │ └── semver@5.3.0
63 silly idealTree ├── node-pre-gyp@0.11.0
63 silly idealTree ├── nopt@4.0.1
63 silly idealTree ├── normalize-package-data@2.5.0
63 silly idealTree ├── npm-bundled@1.0.6
63 silly idealTree ├── npm-packlist@1.4.4
63 silly idealTree ├── npmlog@4.1.2
63 silly idealTree ├─┬ nugget@2.0.1
63 silly idealTree │ ├── debug@2.6.9
63 silly idealTree │ └── ms@2.0.0
63 silly idealTree ├── number-is-nan@1.0.1
63 silly idealTree ├── oauth-sign@0.9.0
63 silly idealTree ├── object-assign@4.1.1
63 silly idealTree ├── object-keys@0.4.0
63 silly idealTree ├── once@1.4.0
63 silly idealTree ├── onetime@2.0.1
63 silly idealTree ├─┬ ora@3.4.0
63 silly idealTree │ ├── ansi-regex@4.1.0
63 silly idealTree │ └── strip-ansi@5.2.0
63 silly idealTree ├── os-homedir@1.0.2
63 silly idealTree ├── os-tmpdir@1.0.2
63 silly idealTree ├── osenv@0.1.5
63 silly idealTree ├── p-limit@2.2.1
63 silly idealTree ├── p-locate@3.0.0
63 silly idealTree ├── p-try@2.2.0
63 silly idealTree ├── parse-json@2.2.0
63 silly idealTree ├── path-exists@3.0.0
63 silly idealTree ├── path-is-absolute@1.0.1
63 silly idealTree ├── path-parse@1.0.6
63 silly idealTree ├── path-type@1.1.0
63 silly idealTree ├── pend@1.2.0
63 silly idealTree ├── performance-now@2.1.0
63 silly idealTree ├── pify@2.3.0
63 silly idealTree ├── pinkie-promise@2.0.1
63 silly idealTree ├── pinkie@2.0.4
63 silly idealTree ├── pretty-bytes@1.0.4
63 silly idealTree ├── process-nextick-args@2.0.1
63 silly idealTree ├── progress-stream@1.2.0
63 silly idealTree ├── psl@1.3.0
63 silly idealTree ├── punycode@2.1.1
63 silly idealTree ├── qs@6.5.2
63 silly idealTree ├── rc@1.2.8
63 silly idealTree ├── read-pkg-up@1.0.1
63 silly idealTree ├── read-pkg@1.1.0
63 silly idealTree ├── readable-stream@1.1.14
63 silly idealTree ├── redent@1.0.0
63 silly idealTree ├── repeating@2.0.1
63 silly idealTree ├── request@2.88.0
63 silly idealTree ├── require-directory@2.1.1
63 silly idealTree ├── require-main-filename@2.0.0
63 silly idealTree ├── resolve@1.12.0
63 silly idealTree ├── restore-cursor@2.0.0
63 silly idealTree ├── rimraf@2.7.1
63 silly idealTree ├── rxjs@6.5.3
63 silly idealTree ├── safe-buffer@5.2.0
63 silly idealTree ├── safer-buffer@2.1.2
63 silly idealTree ├── sax@1.2.4
63 silly idealTree ├── semver@5.7.1
63 silly idealTree ├── set-blocking@2.0.0
63 silly idealTree ├── signal-exit@3.0.2
63 silly idealTree ├── single-line-log@1.1.2
63 silly idealTree ├─┬ spawn-rx@3.0.0
63 silly idealTree │ ├── debug@2.6.9
63 silly idealTree │ └── ms@2.0.0
63 silly idealTree ├── spdx-correct@3.1.0
63 silly idealTree ├── spdx-exceptions@2.2.0
63 silly idealTree ├── spdx-expression-parse@3.0.0
63 silly idealTree ├── spdx-license-ids@3.0.5
63 silly idealTree ├── speedometer@0.1.4
63 silly idealTree ├── sqlite3@4.1.0
63 silly idealTree ├── sshpk@1.16.1
63 silly idealTree ├── string_decoder@0.10.31
63 silly idealTree ├── string-width@1.0.2
63 silly idealTree ├── strip-ansi@3.0.1
63 silly idealTree ├── strip-bom@2.0.0
63 silly idealTree ├── strip-indent@1.0.1
63 silly idealTree ├── strip-json-comments@2.0.1
63 silly idealTree ├─┬ sumchecker@2.0.2
63 silly idealTree │ ├── debug@2.6.9
63 silly idealTree │ └── ms@2.0.0
63 silly idealTree ├── supports-color@5.5.0
63 silly idealTree ├── tar@4.4.11
63 silly idealTree ├── throttleit@0.0.2
63 silly idealTree ├── through2@0.2.3
63 silly idealTree ├─┬ tough-cookie@2.4.3
63 silly idealTree │ └── punycode@1.4.1
63 silly idealTree ├── trim-newlines@1.0.0
63 silly idealTree ├── tslib@1.10.0
63 silly idealTree ├── tunnel-agent@0.6.0
63 silly idealTree ├── tweetnacl@0.14.5
63 silly idealTree ├── typedarray@0.0.6
63 silly idealTree ├── universalify@0.1.2
63 silly idealTree ├── uri-js@4.2.2
63 silly idealTree ├── util-deprecate@1.0.2
63 silly idealTree ├── uuid@3.3.3
63 silly idealTree ├── validate-npm-package-license@3.0.4
63 silly idealTree ├── verror@1.10.0
63 silly idealTree ├── wcwidth@1.0.1
63 silly idealTree ├── which-module@2.0.0
63 silly idealTree ├── which@1.3.1
63 silly idealTree ├── wide-align@1.1.3
63 silly idealTree ├─┬ wrap-ansi@5.1.0
63 silly idealTree │ ├── ansi-regex@4.1.0
63 silly idealTree │ ├── is-fullwidth-code-point@2.0.0
63 silly idealTree │ ├── string-width@3.1.0
63 silly idealTree │ └── strip-ansi@5.2.0
63 silly idealTree ├── wrappy@1.0.2
63 silly idealTree ├── xtend@2.1.2
63 silly idealTree ├── y18n@4.0.0
63 silly idealTree ├── yallist@3.0.3
63 silly idealTree ├─┬ yargs-parser@13.1.1
63 silly idealTree │ └── camelcase@5.3.1
63 silly idealTree ├─┬ yargs@13.3.0
63 silly idealTree │ ├── ansi-regex@4.1.0
63 silly idealTree │ ├── find-up@3.0.0
63 silly idealTree │ ├── is-fullwidth-code-point@2.0.0
63 silly idealTree │ ├── string-width@3.1.0
63 silly idealTree │ └── strip-ansi@5.2.0
63 silly idealTree └── yauzl@2.4.1
64 silly generateActionsToTake Starting
65 silly install generateActionsToTake
66 silly generateActionsToTake Finishing
67 silly diffTrees action count 1
68 silly diffTrees add sqlite3@4.1.0
69 silly decomposeActions action count 8
70 silly decomposeActions fetch sqlite3@4.1.0
71 silly decomposeActions extract sqlite3@4.1.0
72 silly decomposeActions test sqlite3@4.1.0
73 silly decomposeActions preinstall sqlite3@4.1.0
74 silly decomposeActions build sqlite3@4.1.0
75 silly decomposeActions install sqlite3@4.1.0
76 silly decomposeActions postinstall sqlite3@4.1.0
77 silly decomposeActions finalize sqlite3@4.1.0
78 silly runTopLevelLifecycles Starting
79 silly install runPreinstallTopLevelLifecycles
80 silly preinstall Breakers@1.0.0 /home/mr-hashmi/WorkSpace/DevTriangle/8-october-2019-breakers/breakers/electron/Breakers-772f98b2
81 info lifecycle Breakers@1.0.0~preinstall: Breakers@1.0.0
82 silly lifecycle Breakers@1.0.0~preinstall: no script for preinstall, continuing
83 silly executeActions Starting
84 silly install executeActions
85 silly doSerial global-install 0
86 silly doParallel fetch 1
87 verbose correctMkdir /home/mr-hashmi/.npm/_locks correctMkdir not in flight; initializing
88 verbose lock using /home/mr-hashmi/.npm/_locks/staging-c4782326634ae5b3.lock for /home/mr-hashmi/WorkSpace/DevTriangle/8-october-2019-breakers/breakers/electron/node_modules/.staging
89 silly doParallel extract 1
90 silly extract sqlite3@4.1.0
91 verbose unbuild node_modules/.staging/sqlite3-3d2a79e7
92 silly gentlyRm /home/mr-hashmi/WorkSpace/DevTriangle/8-october-2019-breakers/breakers/electron/node_modules/.staging/sqlite3-3d2a79e7 is being purged from base /home/mr-hashmi/WorkSpace/DevTriangle/8-october-2019-breakers/breakers/electron
93 verbose gentlyRm don't care about contents; nuking /home/mr-hashmi/WorkSpace/DevTriangle/8-october-2019-breakers/breakers/electron/node_modules/.staging/sqlite3-3d2a79e7
94 verbose tar unpack /home/mr-hashmi/.npm/sqlite3/4.1.0/package.tgz
95 verbose tar unpacking to /home/mr-hashmi/WorkSpace/DevTriangle/8-october-2019-breakers/breakers/electron/node_modules/.staging/sqlite3-3d2a79e7
96 silly gentlyRm /home/mr-hashmi/WorkSpace/DevTriangle/8-october-2019-breakers/breakers/electron/node_modules/.staging/sqlite3-3d2a79e7 is being purged
97 verbose gentlyRm don't care about contents; nuking /home/mr-hashmi/WorkSpace/DevTriangle/8-october-2019-breakers/breakers/electron/node_modules/.staging/sqlite3-3d2a79e7
98 silly gunzTarPerm modes [ '755', '644' ]
99 silly gunzTarPerm extractEntry package.json
100 silly gunzTarPerm extractEntry .dockerignore
101 silly gunzTarPerm extractEntry binding.gyp
102 silly gunzTarPerm extractEntry CHANGELOG.md
103 silly gunzTarPerm extractEntry CONTRIBUTING.md
104 silly gunzTarPerm extractEntry Dockerfile
105 silly gunzTarPerm extractEntry LICENSE
106 silly gunzTarPerm extractEntry README.md
107 silly gunzTarPerm extractEntry sqlite3.js
108 silly gunzTarPerm extractEntry deps/common-sqlite.gypi
109 silly gunzTarPerm extractEntry deps/extract.py
110 silly gunzTarPerm extractEntry deps/sqlite-autoconf-3280000.tar.gz
111 silly gunzTarPerm extractEntry deps/sqlite3.gyp
112 silly gunzTarPerm extractEntry lib/index.js
113 silly gunzTarPerm extractEntry lib/sqlite3.js
114 silly gunzTarPerm extractEntry lib/trace.js
115 silly gunzTarPerm extractEntry src/async.h
116 silly gunzTarPerm extractEntry src/backup.cc
117 silly gunzTarPerm extractEntry src/backup.h
118 silly gunzTarPerm extractEntry src/database.cc
119 silly gunzTarPerm extractEntry src/database.h
120 silly gunzTarPerm extractEntry src/gcc-preinclude.h
121 silly gunzTarPerm extractEntry src/macros.h
122 silly gunzTarPerm extractEntry src/node_sqlite3.cc
123 silly gunzTarPerm extractEntry src/statement.cc
124 silly gunzTarPerm extractEntry src/statement.h
125 silly gunzTarPerm extractEntry src/threading.h
126 silly gunzTarPerm extractEntry tools/docker/architecture/linux-arm/Dockerfile
127 silly gunzTarPerm extractEntry tools/docker/architecture/linux-arm/run.sh
128 silly gunzTarPerm extractEntry tools/docker/architecture/linux-arm64/Dockerfile
129 silly gunzTarPerm extractEntry tools/docker/architecture/linux-arm64/run.sh
130 silly gentlyRm /home/mr-hashmi/WorkSpace/DevTriangle/8-october-2019-breakers/breakers/electron/node_modules/.staging/sqlite3-3d2a79e7/node_modules is being purged
131 verbose gentlyRm don't care about contents; nuking /home/mr-hashmi/WorkSpace/DevTriangle/8-october-2019-breakers/breakers/electron/node_modules/.staging/sqlite3-3d2a79e7/node_modules
132 silly doParallel preinstall 1
133 silly preinstall sqlite3@4.1.0 /home/mr-hashmi/WorkSpace/DevTriangle/8-october-2019-breakers/breakers/electron/node_modules/.staging/sqlite3-3d2a79e7
134 info lifecycle sqlite3@4.1.0~preinstall: sqlite3@4.1.0
135 silly lifecycle sqlite3@4.1.0~preinstall: no script for preinstall, continuing
136 silly doReverseSerial remove 0
137 silly doSerial move 0
138 silly doSerial finalize 1
139 silly finalize /home/mr-hashmi/WorkSpace/DevTriangle/8-october-2019-breakers/breakers/electron/node_modules/sqlite3
140 silly doSerial build 1
141 silly build sqlite3@4.1.0
142 info linkStuff sqlite3@4.1.0
143 silly linkStuff sqlite3@4.1.0 has /home/mr-hashmi/WorkSpace/DevTriangle/8-october-2019-breakers/breakers/electron/node_modules as its parent node_modules
144 verbose linkBins sqlite3@4.1.0
145 verbose linkMans sqlite3@4.1.0
146 silly doSerial global-link 0
147 silly doParallel update-linked 0
148 silly doSerial install 1
149 silly install sqlite3@4.1.0 /home/mr-hashmi/WorkSpace/DevTriangle/8-october-2019-breakers/breakers/electron/node_modules/.staging/sqlite3-3d2a79e7
150 info lifecycle sqlite3@4.1.0~install: sqlite3@4.1.0
151 verbose lifecycle sqlite3@4.1.0~install: unsafe-perm in lifecycle false
152 verbose lifecycle sqlite3@4.1.0~install: PATH: /usr/local/lib/node_modules/npm/bin/node-gyp-bin:/home/mr-hashmi/WorkSpace/DevTriangle/8-october-2019-breakers/breakers/electron/node_modules/sqlite3/node_modules/.bin:/home/mr-hashmi/WorkSpace/DevTriangle/8-october-2019-breakers/breakers/electron/node_modules/.bin:/usr/local/sbin:/usr/local/bin:/usr/sbin:/usr/bin:/sbin:/bin:/snap/bin
153 verbose lifecycle sqlite3@4.1.0~install: CWD: /home/mr-hashmi/WorkSpace/DevTriangle/8-october-2019-breakers/breakers/electron/node_modules/sqlite3
154 silly lifecycle sqlite3@4.1.0~install: Args: [ '-c', 'node-pre-gyp install --fallback-to-build' ]
155 silly lifecycle sqlite3@4.1.0~install: Returned: code: 126  signal: null
156 info lifecycle sqlite3@4.1.0~install: Failed to exec install script
157 verbose unlock done using /home/mr-hashmi/.npm/_locks/staging-c4782326634ae5b3.lock for /home/mr-hashmi/WorkSpace/DevTriangle/8-october-2019-breakers/breakers/electron/node_modules/.staging
158 silly rollbackFailedOptional Starting
159 silly rollbackFailedOptional Finishing
160 silly runTopLevelLifecycles Finishing
161 silly install printInstalled
162 warn Breakers@1.0.0 No description
163 verbose If you need help, you may report this error at:
163 verbose     <https://github.com/npm/npm/issues>
164 warn Breakers@1.0.0 No repository field.
165 verbose If you need help, you may report this error at:
165 verbose     <https://github.com/npm/npm/issues>
166 warn Breakers@1.0.0 No license field.
167 verbose If you need help, you may report this error at:
167 verbose     <https://github.com/npm/npm/issues>
168 verbose stack Error: sqlite3@4.1.0 install: `node-pre-gyp install --fallback-to-build`
168 verbose stack Exit status 126
168 verbose stack     at EventEmitter.<anonymous> (/usr/local/lib/node_modules/npm/lib/utils/lifecycle.js:255:16)
168 verbose stack     at emitTwo (events.js:106:13)
168 verbose stack     at EventEmitter.emit (events.js:191:7)
168 verbose stack     at ChildProcess.<anonymous> (/usr/local/lib/node_modules/npm/lib/utils/spawn.js:40:14)
168 verbose stack     at emitTwo (events.js:106:13)
168 verbose stack     at ChildProcess.emit (events.js:191:7)
168 verbose stack     at maybeClose (internal/child_process.js:877:16)
168 verbose stack     at Process.ChildProcess._handle.onexit (internal/child_process.js:226:5)
169 verbose pkgid sqlite3@4.1.0
170 verbose cwd /home/mr-hashmi/WorkSpace/DevTriangle/8-october-2019-breakers/breakers/electron
171 error Linux 4.15.0-64-generic
172 error argv "/usr/local/bin/node" "/usr/local/bin/npm" "install"
173 error node v6.9.2
174 error npm  v3.10.9
175 error code ELIFECYCLE
176 error sqlite3@4.1.0 install: `node-pre-gyp install --fallback-to-build`
176 error Exit status 126
177 error Failed at the sqlite3@4.1.0 install script 'node-pre-gyp install --fallback-to-build'.
177 error Make sure you have the latest version of node.js and npm installed.
177 error If you do, this is most likely a problem with the sqlite3 package,
177 error not with npm itself.
177 error Tell the author that this fails on your system:
177 error     node-pre-gyp install --fallback-to-build
177 error You can get information on how to open an issue for this project with:
177 error     npm bugs sqlite3
177 error Or if that isn't available, you can get their info via:
177 error     npm owner ls sqlite3
177 error There is likely additional logging output above.
178 verbose exit [ 1, true ]
